<?xml version="1.0" encoding="UTF-8"?>
<!-- Generated by org.testng.reporters.JUnitReportReporter -->
<testsuite hostname="DESKTOP-CUF5L56" failures="0" tests="1" name="TestScripts.TestNGExample" time="0.019" errors="0" timestamp="2021-09-03T19:52:22 IST" skipped="0">
  <testcase classname="TestScripts.TestNGExample" name="testngexamplee" time="0.019"/>
  <system-out/>
</testsuite> <!-- TestScripts.TestNGExample -->
